Arguments: 
  /usr/bin/node /usr/bin/yarn add nodemon

PATH: 
  /home/kds/.yarn/bin:/home/kds/.config/yarn/global/node_modules/.bin:/home/kds/.yarn/bin:/home/kds/.config/yarn/global/node_modules/.bin:/usr/local/sbin:/usr/local/bin:/usr/bin:/opt/android-sdk/platform-tools:/usr/lib/jvm/default/bin:/usr/bin/site_perl:/usr/bin/vendor_perl:/usr/bin/core_perl:/usr/lib/jvm/java-8-openjdk//bin:/usr/lib/jvm/java-8-openjdk//jre/bin

Yarn version: 
  1.6.0

Node version: 
  9.11.1

Platform: 
  linux x64

Trace: 
  SyntaxError: /home/kds/.cache/yarn/v1/npm-deep-extend-0.5.1-b894a9dd90d3023fbf1c55a394fb858eb2066f1f/.yarn-metadata.json: Unexpected end of JSON input
      at JSON.parse (<anonymous>)
      at /usr/lib/node_modules/yarn/lib/cli.js:1130:59
      at Generator.next (<anonymous>)
      at step (/usr/lib/node_modules/yarn/lib/cli.js:98:30)
      at /usr/lib/node_modules/yarn/lib/cli.js:109:13
      at <anonymous>

npm manifest: 
  {
    "name": "app.js",
    "version": "0.0.0",
    "private": true,
    "scripts": {
      "start": "node ./bin/www",
      "dev": "nodemon ./bin/www"
    },
    "dependencies": {
      "bcryptjs": "^2.4.3",
      "cookie-parser": "~1.4.3",
      "debug": "~2.6.9",
      "express": "~4.16.0",
      "http-errors": "~1.6.2",
      "jsonwebtoken": "^8.2.1",
      "morgan": "~1.9.0",
      "sequelize": "^4.37.6",
      "validator": "^10.1.0"
    }
  }

yarn manifest: 
  No manifest

Lockfile: 
  No lockfile
